{"level":"warn","message":"Ruta no encontrada /fotito%20va%20aca"}
{"level":"warn","message":"Ruta no encontrada /avatar"}
{"level":"warn","message":"Ruta no encontrada /sads"}
{"level":"warn","message":"Ruta no encontrada /cart1"}
{"level":"warn","message":"Ruta no encontrada /fotito%20va%20aca"}
{"level":"warn","message":"Ruta no encontrada /sads"}
{"level":"warn","message":"Ruta no encontrada /avatar"}
{"level":"warn","message":"Ruta no encontrada /fotito%20va%20aca"}
{"level":"warn","message":"Ruta no encontrada /sads"}
{"level":"warn","message":"Ruta no encontrada /avatar"}
{"level":"warn","message":"Ruta no encontrada /avatar"}
{"level":"warn","message":"Ruta no encontrada /sads"}
{"level":"warn","message":"Ruta no encontrada /fotito%20va%20aca"}
{"level":"warn","message":"Ruta no encontrada /sads"}
{"level":"warn","message":"Ruta no encontrada /fotito%20va%20aca"}
{"level":"warn","message":"Ruta no encontrada /avatar"}
{"level":"warn","message":"Ruta no encontrada /fotito%20va%20aca"}
{"level":"warn","message":"Ruta no encontrada /avatar"}
{"level":"warn","message":"Ruta no encontrada /sads"}
{"level":"warn","message":"Ruta no encontrada /fotito%20va%20aca"}
{"level":"warn","message":"Ruta no encontrada /sads"}
{"level":"warn","message":"Ruta no encontrada /avatar"}
{"level":"warn","message":"Ruta no encontrada /avatar"}
{"level":"warn","message":"Ruta no encontrada /fotito%20va%20aca"}
{"level":"warn","message":"Ruta no encontrada /sads"}
{"level":"warn","message":"Ruta no encontrada /fotito%20va%20aca"}
{"level":"warn","message":"Ruta no encontrada /sads"}
{"level":"warn","message":"Ruta no encontrada /222"}
{"level":"warn","message":"Ruta no encontrada /avatar"}
{"level":"warn","message":"Ruta no encontrada /sads"}
{"level":"warn","message":"Ruta no encontrada /avatar"}
{"level":"warn","message":"Ruta no encontrada /fotito%20va%20aca"}
{"level":"warn","message":"Ruta no encontrada /222"}
{"level":"warn","message":"Ruta no encontrada /avatar"}
{"level":"warn","message":"Ruta no encontrada /222"}
{"level":"warn","message":"Ruta no encontrada /sads"}
{"level":"warn","message":"Ruta no encontrada /fotito%20va%20aca"}
{"level":"warn","message":"Ruta no encontrada /avatar"}
{"level":"warn","message":"Ruta no encontrada /sads"}
{"level":"warn","message":"Ruta no encontrada /222"}
{"level":"warn","message":"Ruta no encontrada /fotito%20va%20aca"}
{"level":"warn","message":"Ruta no encontrada /sads"}
{"level":"warn","message":"Ruta no encontrada /fotito%20va%20aca"}
{"level":"warn","message":"Ruta no encontrada /avatar"}
{"level":"warn","message":"Ruta no encontrada /222"}
{"level":"warn","message":"Ruta no encontrada /avatar"}
{"level":"warn","message":"Ruta no encontrada /sads"}
{"level":"warn","message":"Ruta no encontrada /222"}
{"level":"warn","message":"Ruta no encontrada /fotito%20va%20aca"}
{"level":"warn","message":"Ruta no encontrada /avatar"}
{"level":"warn","message":"Ruta no encontrada /sads"}
{"level":"warn","message":"Ruta no encontrada /222"}
{"level":"warn","message":"Ruta no encontrada /fotito%20va%20aca"}
{"level":"warn","message":"Ruta no encontrada /avatar"}
{"level":"warn","message":"Ruta no encontrada /sads"}
{"level":"warn","message":"Ruta no encontrada /222"}
{"level":"warn","message":"Ruta no encontrada /fotito%20va%20aca"}
{"level":"error","message":"error al borrar carro vendido"}
{"level":"warn","message":"Ruta no encontrada /sads"}
{"level":"warn","message":"Ruta no encontrada /fotito%20va%20aca"}
{"level":"warn","message":"Ruta no encontrada /avatar"}
{"level":"warn","message":"Ruta no encontrada /222"}
{"level":"warn","message":"Ruta no encontrada /fotito%20va%20aca"}
{"level":"warn","message":"Ruta no encontrada /222"}
{"level":"warn","message":"Ruta no encontrada /sads"}
{"level":"warn","message":"Ruta no encontrada /avatar"}
{"level":"warn","message":"Ruta no encontrada /fotito%20va%20aca"}
{"level":"warn","message":"Ruta no encontrada /222"}
{"level":"warn","message":"Ruta no encontrada /sads"}
{"level":"warn","message":"Ruta no encontrada /avatar"}
{"level":"error","message":"error al borrar carro vendido"}
{"level":"warn","message":"Ruta no encontrada /avatar"}
{"level":"warn","message":"Ruta no encontrada /sads"}
{"level":"warn","message":"Ruta no encontrada /222"}
{"level":"warn","message":"Ruta no encontrada /fotito%20va%20aca"}
{"level":"warn","message":"Ruta no encontrada /avatar"}
{"level":"warn","message":"Ruta no encontrada /sads"}
{"level":"warn","message":"Ruta no encontrada /fotito%20va%20aca"}
{"level":"warn","message":"Ruta no encontrada /222"}
{"level":"warn","message":"Ruta no encontrada /fotito%20va%20aca"}
{"level":"warn","message":"Ruta no encontrada /avatar"}
{"level":"warn","message":"Ruta no encontrada /sads"}
{"level":"warn","message":"Ruta no encontrada /222"}
{"level":"warn","message":"Ruta no encontrada /fotito%20va%20aca"}
{"level":"warn","message":"Ruta no encontrada /avatar"}
{"level":"warn","message":"Ruta no encontrada /222"}
{"level":"warn","message":"Ruta no encontrada /sads"}
{"level":"warn","message":"Ruta no encontrada /sads"}
{"level":"warn","message":"Ruta no encontrada /222"}
{"level":"warn","message":"Ruta no encontrada /avatar"}
{"level":"warn","message":"Ruta no encontrada /fotito%20va%20aca"}
{"level":"warn","message":"Ruta no encontrada /avatar"}
{"level":"warn","message":"Ruta no encontrada /sads"}
{"level":"warn","message":"Ruta no encontrada /222"}
{"level":"warn","message":"Ruta no encontrada /fotito%20va%20aca"}
{"level":"warn","message":"Ruta no encontrada /avatar"}
{"level":"warn","message":"Ruta no encontrada /fotito%20va%20aca"}
{"level":"warn","message":"Ruta no encontrada /222"}
{"level":"warn","message":"Ruta no encontrada /sads"}
{"level":"warn","message":"Ruta no encontrada /fotito%20va%20aca"}
{"level":"warn","message":"Ruta no encontrada /222"}
{"level":"warn","message":"Ruta no encontrada /fotito%20va%20aca"}
{"level":"warn","message":"Ruta no encontrada /222"}
{"level":"warn","message":"Ruta no encontrada /avatar"}
{"level":"warn","message":"Ruta no encontrada /sads"}
{"level":"warn","message":"Ruta no encontrada /fotito%20va%20aca"}
{"level":"warn","message":"Ruta no encontrada /222"}
{"level":"warn","message":"Ruta no encontrada /fotito%20va%20aca"}
{"level":"warn","message":"Ruta no encontrada /222"}
{"level":"warn","message":"Ruta no encontrada /avatar"}
{"level":"warn","message":"Ruta no encontrada /sads"}
{"level":"warn","message":"Ruta no encontrada /fotito%20va%20aca"}
{"level":"warn","message":"Ruta no encontrada /avatar"}
{"level":"warn","message":"Ruta no encontrada /avatar"}
{"level":"warn","message":"Ruta no encontrada /sads"}
{"level":"warn","message":"Ruta no encontrada /222"}
{"level":"warn","message":"Ruta no encontrada /fotito%20va%20aca"}
{"level":"warn","message":"Ruta no encontrada /sads"}
{"level":"warn","message":"Ruta no encontrada /222"}
{"level":"warn","message":"Ruta no encontrada /fotito%20va%20aca"}
{"level":"warn","message":"Ruta no encontrada /avatar"}
{"level":"warn","message":"Ruta no encontrada /sads"}
{"level":"warn","message":"Ruta no encontrada /222"}
{"level":"warn","message":"Ruta no encontrada /fotito%20va%20aca"}
{"level":"warn","message":"Ruta no encontrada /222"}
{"level":"warn","message":"Ruta no encontrada /avatar"}
{"level":"warn","message":"Ruta no encontrada /sads"}
{"level":"warn","message":"Ruta no encontrada /fotito%20va%20aca"}
{"level":"warn","message":"Ruta no encontrada /222"}
{"level":"warn","message":"Ruta no encontrada /avatar"}
{"level":"warn","message":"Ruta no encontrada /sads"}
{"level":"warn","message":"Ruta no encontrada /222"}
{"level":"warn","message":"Ruta no encontrada /fotito%20va%20aca"}
{"level":"warn","message":"Ruta no encontrada /fotito%20va%20aca"}
{"level":"warn","message":"Ruta no encontrada /222"}
{"level":"warn","message":"Ruta no encontrada /avatar"}
{"level":"warn","message":"Ruta no encontrada /sads"}
{"level":"warn","message":"Ruta no encontrada /fotito%20va%20aca"}
{"level":"warn","message":"Ruta no encontrada /222"}
{"level":"warn","message":"Ruta no encontrada /sads"}
{"level":"warn","message":"Ruta no encontrada /avatar"}
{"level":"warn","message":"Ruta no encontrada /sads"}
{"level":"warn","message":"Ruta no encontrada /222"}
{"level":"error"}
{"level":"warn","message":"Ruta no encontrada /fotito%20va%20aca"}
{"level":"warn","message":"Ruta no encontrada /222"}
{"level":"warn","message":"Ruta no encontrada /sads"}
{"level":"warn","message":"Ruta no encontrada /avatar"}
{"level":"warn","message":"Ruta no encontrada /sads"}
{"level":"warn","message":"Ruta no encontrada /avatar"}
{"level":"warn","message":"Ruta no encontrada /222"}
{"level":"error"}
{"level":"warn","message":"Ruta no encontrada /fotito%20va%20aca"}
{"level":"warn","message":"Ruta no encontrada /222"}
{"level":"warn","message":"Ruta no encontrada /avatar"}
{"level":"warn","message":"Ruta no encontrada /sads"}
{"level":"warn","message":"Ruta no encontrada /fotito%20va%20aca"}
{"level":"warn","message":"Ruta no encontrada /222"}
{"level":"warn","message":"Ruta no encontrada /sads"}
{"level":"warn","message":"Ruta no encontrada /avatar"}
{"level":"warn","message":"Ruta no encontrada /avatar"}
{"level":"warn","message":"Ruta no encontrada /fotito%20va%20aca"}
{"level":"warn","message":"Ruta no encontrada /222"}
{"level":"warn","message":"Ruta no encontrada /sads"}
{"level":"warn","message":"Ruta no encontrada /avatar"}
{"level":"warn","message":"Ruta no encontrada /sads"}
{"level":"warn","message":"Ruta no encontrada /fotito%20va%20aca"}
{"level":"warn","message":"Ruta no encontrada /222"}
{"level":"warn","message":"Ruta no encontrada /avatar"}
{"level":"warn","message":"Ruta no encontrada /fotito%20va%20aca"}
{"level":"warn","message":"Ruta no encontrada /222"}
{"level":"warn","message":"Ruta no encontrada /sads"}
{"level":"warn","message":"Ruta no encontrada /sads"}
{"level":"warn","message":"Ruta no encontrada /fotito%20va%20aca"}
{"level":"warn","message":"Ruta no encontrada /avatar"}
{"level":"warn","message":"Ruta no encontrada /222"}
{"level":"warn","message":"Ruta no encontrada /sads"}
{"level":"warn","message":"Ruta no encontrada /222"}
{"level":"warn","message":"Ruta no encontrada /avatar"}
{"level":"warn","message":"Ruta no encontrada /fotito%20va%20aca"}
{"level":"warn","message":"Ruta no encontrada /fotito%20va%20aca"}
{"level":"warn","message":"Ruta no encontrada /222"}
{"level":"warn","message":"Ruta no encontrada /sads"}
{"level":"warn","message":"Ruta no encontrada /avatar"}
{"level":"warn","message":"Ruta no encontrada /fotito%20va%20aca"}
{"level":"warn","message":"Ruta no encontrada /sads"}
{"level":"warn","message":"Ruta no encontrada /avatar"}
{"level":"warn","message":"Ruta no encontrada /222"}
{"level":"warn","message":"Ruta no encontrada /fotito%20va%20aca"}
{"level":"warn","message":"Ruta no encontrada /222"}
{"level":"warn","message":"Ruta no encontrada /sads"}
{"level":"warn","message":"Ruta no encontrada /avatar"}
{"level":"warn","message":"Ruta no encontrada /fotito%20va%20aca"}
{"level":"warn","message":"Ruta no encontrada /222"}
{"level":"warn","message":"Ruta no encontrada /avatar"}
{"level":"warn","message":"Ruta no encontrada /sads"}
{"level":"warn","message":"Ruta no encontrada /avatar"}
{"level":"warn","message":"Ruta no encontrada /sads"}
{"level":"warn","message":"Ruta no encontrada /222"}
{"level":"warn","message":"Ruta no encontrada /fotito%20va%20aca"}
{"level":"warn","message":"Ruta no encontrada /fotito%20va%20aca"}
{"level":"warn","message":"Ruta no encontrada /avatar"}
{"level":"warn","message":"Ruta no encontrada /222"}
{"level":"warn","message":"Ruta no encontrada /sads"}
{"level":"warn","message":"Ruta no encontrada /avatar"}
{"level":"warn","message":"Ruta no encontrada /sads"}
{"level":"warn","message":"Ruta no encontrada /222"}
{"level":"warn","message":"Ruta no encontrada /fotito%20va%20aca"}
{"level":"warn","message":"Ruta no encontrada /avatar"}
{"level":"warn","message":"Ruta no encontrada /fotito%20va%20aca"}
{"level":"warn","message":"Ruta no encontrada /222"}
{"level":"warn","message":"Ruta no encontrada /sads"}
{"level":"warn","message":"Ruta no encontrada /sads"}
{"level":"warn","message":"Ruta no encontrada /avatar"}
{"level":"warn","message":"Ruta no encontrada /fotito%20va%20aca"}
{"level":"warn","message":"Ruta no encontrada /222"}
{"level":"warn","message":"Ruta no encontrada /fotito%20va%20aca"}
{"level":"warn","message":"Ruta no encontrada /222"}
{"level":"warn","message":"Ruta no encontrada /sads"}
{"level":"warn","message":"Ruta no encontrada /avatar"}
{"level":"warn","message":"Ruta no encontrada /fotito%20va%20aca"}
{"level":"warn","message":"Ruta no encontrada /222"}
{"level":"warn","message":"Ruta no encontrada /avatar"}
{"level":"warn","message":"Ruta no encontrada /sads"}
{"level":"warn","message":"Ruta no encontrada /fotito%20va%20aca"}
{"level":"warn","message":"Ruta no encontrada /sads"}
{"level":"warn","message":"Ruta no encontrada /avatar"}
{"level":"warn","message":"Ruta no encontrada /222"}
{"level":"warn","message":"Ruta no encontrada /fotito%20va%20aca"}
{"level":"warn","message":"Ruta no encontrada /222"}
{"level":"warn","message":"Ruta no encontrada /sads"}
{"level":"warn","message":"Ruta no encontrada /avatar"}
{"level":"warn","message":"Ruta no encontrada /fotito%20va%20aca"}
{"level":"warn","message":"Ruta no encontrada /avatar"}
{"level":"warn","message":"Ruta no encontrada /222"}
{"level":"warn","message":"Ruta no encontrada /sads"}
{"level":"warn","message":"Ruta no encontrada /avatar"}
{"level":"warn","message":"Ruta no encontrada /sads"}
{"level":"warn","message":"Ruta no encontrada /fotito%20va%20aca"}
{"level":"warn","message":"Ruta no encontrada /222"}
{"level":"warn","message":"Ruta no encontrada /avatar"}
{"level":"warn","message":"Ruta no encontrada /fotito%20va%20aca"}
{"level":"warn","message":"Ruta no encontrada /sads"}
{"level":"warn","message":"Ruta no encontrada /222"}
{"level":"warn","message":"Ruta no encontrada /avatar"}
{"level":"warn","message":"Ruta no encontrada /fotito%20va%20aca"}
{"level":"warn","message":"Ruta no encontrada /sads"}
{"level":"warn","message":"Ruta no encontrada /222"}
{"level":"warn","message":"Ruta no encontrada /fotito%20va%20aca"}
{"level":"warn","message":"Ruta no encontrada /sads"}
{"level":"warn","message":"Ruta no encontrada /avatar"}
{"level":"warn","message":"Ruta no encontrada /222"}
{"level":"warn","message":"Ruta no encontrada /fotito%20va%20aca"}
{"level":"warn","message":"Ruta no encontrada /222"}
{"level":"warn","message":"Ruta no encontrada /avatar"}
{"level":"warn","message":"Ruta no encontrada /sads"}
{"level":"warn","message":"Ruta no encontrada /fotito%20va%20aca"}
{"level":"warn","message":"Ruta no encontrada /222"}
{"level":"warn","message":"Ruta no encontrada /sads"}
{"level":"warn","message":"Ruta no encontrada /avatar"}
{"level":"warn","message":"Ruta no encontrada /fotito%20va%20aca"}
{"level":"warn","message":"Ruta no encontrada /222"}
{"level":"warn","message":"Ruta no encontrada /avatar"}
{"level":"warn","message":"Ruta no encontrada /sads"}
{"level":"warn","message":"Ruta no encontrada /fotito%20va%20aca"}
{"level":"warn","message":"Ruta no encontrada /222"}
{"level":"warn","message":"Ruta no encontrada /avatar"}
{"level":"warn","message":"Ruta no encontrada /sads"}
{"level":"warn","message":"Ruta no encontrada /fotito%20va%20aca"}
{"level":"warn","message":"Ruta no encontrada /222"}
{"level":"warn","message":"Ruta no encontrada /sads"}
{"level":"warn","message":"Ruta no encontrada /avatar"}
{"level":"warn","message":"Ruta no encontrada /fotito%20va%20aca"}
{"level":"warn","message":"Ruta no encontrada /222"}
{"level":"warn","message":"Ruta no encontrada /avatar"}
{"level":"warn","message":"Ruta no encontrada /sads"}
{"level":"warn","message":"Ruta no encontrada /avatar"}
{"level":"warn","message":"Ruta no encontrada /sads"}
{"level":"warn","message":"Ruta no encontrada /222"}
{"level":"warn","message":"Ruta no encontrada /fotito%20va%20aca"}
{"level":"warn","message":"Ruta no encontrada /avatar"}
{"level":"warn","message":"Ruta no encontrada /fotito%20va%20aca"}
{"level":"warn","message":"Ruta no encontrada /222"}
{"level":"warn","message":"Ruta no encontrada /sads"}
{"level":"warn","message":"Ruta no encontrada /fotito%20va%20aca"}
{"level":"warn","message":"Ruta no encontrada /sads"}
{"level":"warn","message":"Ruta no encontrada /avatar"}
{"level":"warn","message":"Ruta no encontrada /222"}
{"level":"warn","message":"Ruta no encontrada /avatar"}
{"level":"warn","message":"Ruta no encontrada /fotito%20va%20aca"}
{"level":"warn","message":"Ruta no encontrada /sads"}
{"level":"warn","message":"Ruta no encontrada /222"}
{"level":"warn","message":"Ruta no encontrada /fotito%20va%20aca"}
{"level":"warn","message":"Ruta no encontrada /avatar"}
{"level":"warn","message":"Ruta no encontrada /sads"}
{"level":"warn","message":"Ruta no encontrada /222"}
{"level":"warn","message":"Ruta no encontrada /fotito%20va%20aca"}
{"level":"warn","message":"Ruta no encontrada /avatar"}
{"level":"warn","message":"Ruta no encontrada /sads"}
{"level":"warn","message":"Ruta no encontrada /222"}
{"level":"warn","message":"Ruta no encontrada /sads"}
{"level":"warn","message":"Ruta no encontrada /fotito%20va%20aca"}
{"level":"warn","message":"Ruta no encontrada /avatar"}
{"level":"warn","message":"Ruta no encontrada /222"}
{"level":"warn","message":"Ruta no encontrada /fotito%20va%20aca"}
{"level":"warn","message":"Ruta no encontrada /222"}
{"level":"warn","message":"Ruta no encontrada /sads"}
{"level":"warn","message":"Ruta no encontrada /avatar"}
{"level":"warn","message":"Ruta no encontrada /fotito%20va%20aca"}
{"level":"warn","message":"Ruta no encontrada /avatar"}
{"level":"warn","message":"Ruta no encontrada /222"}
{"level":"warn","message":"Ruta no encontrada /sads"}
{"level":"warn","message":"Ruta no encontrada /avatar"}
{"level":"warn","message":"Ruta no encontrada /fotito%20va%20aca"}
{"level":"warn","message":"Ruta no encontrada /sads"}
{"level":"warn","message":"Ruta no encontrada /222"}
{"level":"warn","message":"Ruta no encontrada /fotito%20va%20aca"}
{"level":"warn","message":"Ruta no encontrada /222"}
{"level":"warn","message":"Ruta no encontrada /sads"}
{"level":"warn","message":"Ruta no encontrada /avatar"}
{"level":"warn","message":"Ruta no encontrada /fotito%20va%20aca"}
{"level":"warn","message":"Ruta no encontrada /222"}
{"level":"warn","message":"Ruta no encontrada /avatar"}
{"level":"warn","message":"Ruta no encontrada /sads"}
{"level":"warn","message":"Ruta no encontrada /fotito%20va%20aca"}
{"level":"warn","message":"Ruta no encontrada /222"}
{"level":"warn","message":"Ruta no encontrada /sads"}
{"level":"warn","message":"Ruta no encontrada /avatar"}
{"level":"warn","message":"Ruta no encontrada /sads"}
{"level":"warn","message":"Ruta no encontrada /fotito%20va%20aca"}
{"level":"warn","message":"Ruta no encontrada /avatar"}
{"level":"warn","message":"Ruta no encontrada /222"}
{"level":"warn","message":"Ruta no encontrada /avatar"}
{"level":"warn","message":"Ruta no encontrada /fotito%20va%20aca"}
{"level":"warn","message":"Ruta no encontrada /222"}
{"level":"warn","message":"Ruta no encontrada /sads"}
{"level":"warn","message":"Ruta no encontrada /222"}
{"level":"warn","message":"Ruta no encontrada /fotito%20va%20aca"}
{"level":"warn","message":"Ruta no encontrada /sads"}
{"level":"warn","message":"Ruta no encontrada /avatar"}
{"level":"warn","message":"Ruta no encontrada /avatar"}
{"level":"warn","message":"Ruta no encontrada /fotito%20va%20aca"}
{"level":"warn","message":"Ruta no encontrada /222"}
{"level":"warn","message":"Ruta no encontrada /sads"}
{"level":"warn","message":"Ruta no encontrada /222"}
{"level":"warn","message":"Ruta no encontrada /sads"}
{"level":"warn","message":"Ruta no encontrada /fotito%20va%20aca"}
{"level":"warn","message":"Ruta no encontrada /avatar"}
{"level":"warn","message":"Ruta no encontrada /fotito%20va%20aca"}
{"level":"warn","message":"Ruta no encontrada /sads"}
{"level":"warn","message":"Ruta no encontrada /222"}
{"level":"warn","message":"Ruta no encontrada /avatar"}
{"level":"warn","message":"Ruta no encontrada /sads"}
{"level":"warn","message":"Ruta no encontrada /fotito%20va%20aca"}
{"level":"warn","message":"Ruta no encontrada /222"}
{"level":"warn","message":"Ruta no encontrada /avatar"}
{"level":"warn","message":"Ruta no encontrada /fotito%20va%20aca"}
{"level":"warn","message":"Ruta no encontrada /222"}
{"level":"warn","message":"Ruta no encontrada /sads"}
{"level":"warn","message":"Ruta no encontrada /avatar"}
{"level":"warn","message":"Ruta no encontrada /fotito%20va%20aca"}
{"level":"warn","message":"Ruta no encontrada /222"}
{"level":"warn","message":"Ruta no encontrada /avatar"}
{"level":"warn","message":"Ruta no encontrada /sads"}
{"level":"warn","message":"Ruta no encontrada /fotito%20va%20aca"}
{"level":"warn","message":"Ruta no encontrada /sads"}
{"level":"warn","message":"Ruta no encontrada /avatar"}
{"level":"warn","message":"Ruta no encontrada /2"}
{"level":"warn","message":"Ruta no encontrada /222"}
{"level":"warn","message":"Ruta no encontrada /sads"}
{"level":"warn","message":"Ruta no encontrada /avatar"}
{"level":"warn","message":"Ruta no encontrada /fotito%20va%20aca"}
{"level":"warn","message":"Ruta no encontrada /2"}
{"level":"warn","message":"Ruta no encontrada /222"}
